2021-02-25 19:59:10,253 INFO 19856 [egg-schedule]: register schedule C:\Users\DELL\Desktop\code1024\vueproject\service\node_modules\_egg-multipart@2.10.3@egg-multipart\app\schedule\clean_tmpdir.js
2021-02-25 19:59:10,253 INFO 19856 [egg-schedule]: register schedule C:\Users\DELL\Desktop\code1024\vueproject\service\node_modules\_egg-logrotator@3.1.0@egg-logrotator\app\schedule\clean_log.js
2021-02-25 19:59:10,253 INFO 19856 [egg-schedule]: register schedule C:\Users\DELL\Desktop\code1024\vueproject\service\node_modules\_egg-logrotator@3.1.0@egg-logrotator\app\schedule\rotate_by_file.js
2021-02-25 19:59:10,753 INFO 13540 [Timer] C:\Users\DELL\Desktop\code1024\vueproject\service\node_modules\_egg-multipart@2.10.3@egg-multipart\app\schedule\clean_tmpdir.js next time will execute after 30649251ms at 2021-02-26 04:30:00.004
2021-02-25 19:59:10,754 INFO 13540 [Timer] C:\Users\DELL\Desktop\code1024\vueproject\service\node_modules\_egg-logrotator@3.1.0@egg-logrotator\app\schedule\clean_log.js next time will execute after 14449247ms at 2021-02-26 00:00:00.001
2021-02-25 19:59:10,754 INFO 13540 [Timer] C:\Users\DELL\Desktop\code1024\vueproject\service\node_modules\_egg-logrotator@3.1.0@egg-logrotator\app\schedule\rotate_by_file.js next time will execute after 14450246ms at 2021-02-26 00:00:01.000
2021-02-26 19:09:48,610 INFO 6740 [egg-schedule]: register schedule C:\Users\DELL\Desktop\code1024\vueproject\service\node_modules\_egg-multipart@2.10.3@egg-multipart\app\schedule\clean_tmpdir.js
2021-02-26 19:09:48,610 INFO 6740 [egg-schedule]: register schedule C:\Users\DELL\Desktop\code1024\vueproject\service\node_modules\_egg-logrotator@3.1.0@egg-logrotator\app\schedule\clean_log.js
2021-02-26 19:09:48,610 INFO 6740 [egg-schedule]: register schedule C:\Users\DELL\Desktop\code1024\vueproject\service\node_modules\_egg-logrotator@3.1.0@egg-logrotator\app\schedule\rotate_by_file.js
2021-02-26 19:10:51,237 INFO 18368 [Timer] C:\Users\DELL\Desktop\code1024\vueproject\service\node_modules\_egg-multipart@2.10.3@egg-multipart\app\schedule\clean_tmpdir.js next time will execute after 33548767ms at 2021-02-27 04:30:00.004
2021-02-26 19:10:51,238 INFO 18368 [Timer] C:\Users\DELL\Desktop\code1024\vueproject\service\node_modules\_egg-logrotator@3.1.0@egg-logrotator\app\schedule\clean_log.js next time will execute after 17348763ms at 2021-02-27 00:00:00.001
2021-02-26 19:10:51,238 INFO 18368 [Timer] C:\Users\DELL\Desktop\code1024\vueproject\service\node_modules\_egg-logrotator@3.1.0@egg-logrotator\app\schedule\rotate_by_file.js next time will execute after 17349762ms at 2021-02-27 00:00:01.000
2021-02-26 19:10:50,847 INFO 5000 [egg-schedule]: register schedule C:\Users\DELL\Desktop\code1024\vueproject\service\node_modules\_egg-multipart@2.10.3@egg-multipart\app\schedule\clean_tmpdir.js
2021-02-26 19:10:50,847 INFO 5000 [egg-schedule]: register schedule C:\Users\DELL\Desktop\code1024\vueproject\service\node_modules\_egg-logrotator@3.1.0@egg-logrotator\app\schedule\clean_log.js
2021-02-26 19:10:50,847 INFO 5000 [egg-schedule]: register schedule C:\Users\DELL\Desktop\code1024\vueproject\service\node_modules\_egg-logrotator@3.1.0@egg-logrotator\app\schedule\rotate_by_file.js
2021-02-28 17:29:28,251 INFO 18816 [egg-schedule]: register schedule C:\Users\DELL\Desktop\code1024\vueproject\service\node_modules\_egg-multipart@2.10.3@egg-multipart\app\schedule\clean_tmpdir.js
2021-02-28 17:29:28,251 INFO 18816 [egg-schedule]: register schedule C:\Users\DELL\Desktop\code1024\vueproject\service\node_modules\_egg-logrotator@3.1.0@egg-logrotator\app\schedule\clean_log.js
2021-02-28 17:29:28,251 INFO 18816 [egg-schedule]: register schedule C:\Users\DELL\Desktop\code1024\vueproject\service\node_modules\_egg-logrotator@3.1.0@egg-logrotator\app\schedule\rotate_by_file.js
2021-02-28 17:29:28,888 INFO 6764 [Timer] C:\Users\DELL\Desktop\code1024\vueproject\service\node_modules\_egg-multipart@2.10.3@egg-multipart\app\schedule\clean_tmpdir.js next time will execute after 39631117ms at 2021-03-01 04:30:00.005
2021-02-28 17:29:28,888 INFO 6764 [Timer] C:\Users\DELL\Desktop\code1024\vueproject\service\node_modules\_egg-logrotator@3.1.0@egg-logrotator\app\schedule\clean_log.js next time will execute after 23431112ms at 2021-03-01 00:00:00.000
2021-02-28 17:29:28,889 INFO 6764 [Timer] C:\Users\DELL\Desktop\code1024\vueproject\service\node_modules\_egg-logrotator@3.1.0@egg-logrotator\app\schedule\rotate_by_file.js next time will execute after 23432112ms at 2021-03-01 00:00:01.001
2021-04-07 17:30:53,668 INFO 5084 [egg-schedule]: register schedule F:\A_vuetest\vueproject\service\node_modules\_egg-multipart@2.10.3@egg-multipart\app\schedule\clean_tmpdir.js
2021-04-07 17:30:53,668 INFO 5084 [egg-schedule]: register schedule F:\A_vuetest\vueproject\service\node_modules\_egg-logrotator@3.1.0@egg-logrotator\app\schedule\clean_log.js
2021-04-07 17:30:53,668 INFO 5084 [egg-schedule]: register schedule F:\A_vuetest\vueproject\service\node_modules\_egg-logrotator@3.1.0@egg-logrotator\app\schedule\rotate_by_file.js
2021-04-07 17:30:53,828 INFO 11696 [Timer] F:\A_vuetest\vueproject\service\node_modules\_egg-multipart@2.10.3@egg-multipart\app\schedule\clean_tmpdir.js next time will execute after 39546174ms at 2021-04-08 04:30:00.002
2021-04-07 17:30:53,828 INFO 11696 [Timer] F:\A_vuetest\vueproject\service\node_modules\_egg-logrotator@3.1.0@egg-logrotator\app\schedule\clean_log.js next time will execute after 23346172ms at 2021-04-08 00:00:00.000
2021-04-07 17:30:53,829 INFO 11696 [Timer] F:\A_vuetest\vueproject\service\node_modules\_egg-logrotator@3.1.0@egg-logrotator\app\schedule\rotate_by_file.js next time will execute after 23347172ms at 2021-04-08 00:00:01.001
2021-04-07 17:30:54,731 INFO 9844 [egg-schedule]: register schedule F:\A_vuetest\vueproject\service\node_modules\_egg-multipart@2.10.3@egg-multipart\app\schedule\clean_tmpdir.js
2021-04-07 17:30:54,731 INFO 9844 [egg-schedule]: register schedule F:\A_vuetest\vueproject\service\node_modules\_egg-logrotator@3.1.0@egg-logrotator\app\schedule\clean_log.js
2021-04-07 17:30:54,731 INFO 9844 [egg-schedule]: register schedule F:\A_vuetest\vueproject\service\node_modules\_egg-logrotator@3.1.0@egg-logrotator\app\schedule\rotate_by_file.js
2021-04-09 14:24:10,720 INFO 7388 [Timer] F:\A_vuetest\vueproject\service\node_modules\_egg-multipart@2.10.3@egg-multipart\app\schedule\clean_tmpdir.js next time will execute after 50749282ms at 2021-04-10 04:30:00.002
2021-04-09 14:24:10,721 INFO 7388 [Timer] F:\A_vuetest\vueproject\service\node_modules\_egg-logrotator@3.1.0@egg-logrotator\app\schedule\clean_log.js next time will execute after 34549280ms at 2021-04-10 00:00:00.001
2021-04-09 14:24:10,721 INFO 7388 [Timer] F:\A_vuetest\vueproject\service\node_modules\_egg-logrotator@3.1.0@egg-logrotator\app\schedule\rotate_by_file.js next time will execute after 34550279ms at 2021-04-10 00:00:01.000
2021-04-09 14:24:10,543 INFO 14360 [egg-schedule]: register schedule F:\A_vuetest\vueproject\service\node_modules\_egg-multipart@2.10.3@egg-multipart\app\schedule\clean_tmpdir.js
2021-04-09 14:24:10,543 INFO 14360 [egg-schedule]: register schedule F:\A_vuetest\vueproject\service\node_modules\_egg-logrotator@3.1.0@egg-logrotator\app\schedule\clean_log.js
2021-04-09 14:24:10,543 INFO 14360 [egg-schedule]: register schedule F:\A_vuetest\vueproject\service\node_modules\_egg-logrotator@3.1.0@egg-logrotator\app\schedule\rotate_by_file.js
2021-04-09 14:29:48,364 INFO 19560 [Timer] F:\A_vuetest\vueproject\service\node_modules\_egg-multipart@2.10.3@egg-multipart\app\schedule\clean_tmpdir.js next time will execute after 50411638ms at 2021-04-10 04:30:00.002
2021-04-09 14:29:48,364 INFO 19560 [Timer] F:\A_vuetest\vueproject\service\node_modules\_egg-logrotator@3.1.0@egg-logrotator\app\schedule\clean_log.js next time will execute after 34211636ms at 2021-04-10 00:00:00.000
2021-04-09 14:29:48,364 INFO 19560 [Timer] F:\A_vuetest\vueproject\service\node_modules\_egg-logrotator@3.1.0@egg-logrotator\app\schedule\rotate_by_file.js next time will execute after 34212636ms at 2021-04-10 00:00:01.000
2021-04-09 14:29:48,190 INFO 2792 [egg-schedule]: register schedule F:\A_vuetest\vueproject\service\node_modules\_egg-multipart@2.10.3@egg-multipart\app\schedule\clean_tmpdir.js
2021-04-09 14:29:48,190 INFO 2792 [egg-schedule]: register schedule F:\A_vuetest\vueproject\service\node_modules\_egg-logrotator@3.1.0@egg-logrotator\app\schedule\clean_log.js
2021-04-09 14:29:48,190 INFO 2792 [egg-schedule]: register schedule F:\A_vuetest\vueproject\service\node_modules\_egg-logrotator@3.1.0@egg-logrotator\app\schedule\rotate_by_file.js
2021-05-20 09:17:42,545 INFO 10812 [egg-schedule]: register schedule F:\A_vuetest\vueproject\service\node_modules\_egg-multipart@2.10.3@egg-multipart\app\schedule\clean_tmpdir.js
2021-05-20 09:17:42,545 INFO 10812 [egg-schedule]: register schedule F:\A_vuetest\vueproject\service\node_modules\_egg-logrotator@3.1.0@egg-logrotator\app\schedule\clean_log.js
2021-05-20 09:17:42,545 INFO 10812 [egg-schedule]: register schedule F:\A_vuetest\vueproject\service\node_modules\_egg-logrotator@3.1.0@egg-logrotator\app\schedule\rotate_by_file.js
2021-05-20 09:17:46,993 INFO 8224 [Timer] F:\A_vuetest\vueproject\service\node_modules\_egg-multipart@2.10.3@egg-multipart\app\schedule\clean_tmpdir.js next time will execute after 69133010ms at 2021-05-21 04:30:00.003
2021-05-20 09:17:46,993 INFO 8224 [Timer] F:\A_vuetest\vueproject\service\node_modules\_egg-logrotator@3.1.0@egg-logrotator\app\schedule\clean_log.js next time will execute after 52933007ms at 2021-05-21 00:00:00.000
2021-05-20 09:17:46,994 INFO 8224 [Timer] F:\A_vuetest\vueproject\service\node_modules\_egg-logrotator@3.1.0@egg-logrotator\app\schedule\rotate_by_file.js next time will execute after 52934007ms at 2021-05-21 00:00:01.001
2021-05-28 11:58:21,818 INFO 15932 [egg-schedule]: register schedule F:\A_vuetest\vueproject\service\node_modules\_egg-multipart@2.10.3@egg-multipart\app\schedule\clean_tmpdir.js
2021-05-28 11:58:21,818 INFO 15932 [egg-schedule]: register schedule F:\A_vuetest\vueproject\service\node_modules\_egg-logrotator@3.1.0@egg-logrotator\app\schedule\clean_log.js
2021-05-28 11:58:21,818 INFO 15932 [egg-schedule]: register schedule F:\A_vuetest\vueproject\service\node_modules\_egg-logrotator@3.1.0@egg-logrotator\app\schedule\rotate_by_file.js
2021-05-28 11:58:24,092 INFO 15952 [Timer] F:\A_vuetest\vueproject\service\node_modules\_egg-multipart@2.10.3@egg-multipart\app\schedule\clean_tmpdir.js next time will execute after 59495910ms at 2021-05-29 04:30:00.002
2021-05-28 11:58:24,092 INFO 15952 [Timer] F:\A_vuetest\vueproject\service\node_modules\_egg-logrotator@3.1.0@egg-logrotator\app\schedule\clean_log.js next time will execute after 43295908ms at 2021-05-29 00:00:00.000
2021-05-28 11:58:24,093 INFO 15952 [Timer] F:\A_vuetest\vueproject\service\node_modules\_egg-logrotator@3.1.0@egg-logrotator\app\schedule\rotate_by_file.js next time will execute after 43296908ms at 2021-05-29 00:00:01.001
